\BOOKMARK [1][-]{section.1}{\376\377\000I\000n\000t\000r\000o\000d\000u\000c\000t\000i\000o\000n}{}% 1
\BOOKMARK [1][-]{section.2}{\376\377\000B\000a\000c\000k\000g\000r\000o\000u\000n\000d\000\040\000T\000h\000e\000o\000r\000y}{}% 2
\BOOKMARK [1][-]{section.3}{\376\377\000P\000r\000o\000b\000l\000e\000m\000\040\000D\000e\000f\000i\000n\000i\000t\000i\000o\000n}{}% 3
\BOOKMARK [2][-]{subsection.3.1}{\376\377\000P\000r\000o\000b\000l\000e\000m\000\040\0001}{section.3}% 4
\BOOKMARK [2][-]{subsection.3.2}{\376\377\000P\000r\000o\000b\000l\000e\000m\000\040\0002}{section.3}% 5
\BOOKMARK [2][-]{subsection.3.3}{\376\377\000P\000r\000o\000b\000l\000e\000m\000\040\0003}{section.3}% 6
\BOOKMARK [2][-]{subsection.3.4}{\376\377\000P\000r\000o\000b\000l\000e\000m\000\040\0004}{section.3}% 7
\BOOKMARK [2][-]{subsection.3.5}{\376\377\000P\000r\000o\000b\000l\000e\000m\000\040\0005}{section.3}% 8
\BOOKMARK [2][-]{subsection.3.6}{\376\377\000P\000r\000o\000b\000l\000e\000m\000\040\0006}{section.3}% 9
\BOOKMARK [2][-]{subsection.3.7}{\376\377\000P\000r\000o\000b\000l\000e\000m\000\040\0007}{section.3}% 10
\BOOKMARK [1][-]{section.4}{\376\377\000R\000e\000s\000u\000l\000t\000s}{}% 11
\BOOKMARK [2][-]{subsection.4.1}{\376\377\000P\000r\000o\000b\000l\000e\000m\000\040\0001}{section.4}% 12
\BOOKMARK [2][-]{subsection.4.2}{\376\377\000P\000r\000o\000b\000l\000e\000m\000\040\0002}{section.4}% 13
\BOOKMARK [2][-]{subsection.4.3}{\376\377\000P\000r\000o\000b\000l\000e\000m\000\040\0003}{section.4}% 14
\BOOKMARK [2][-]{subsection.4.4}{\376\377\000P\000r\000o\000b\000l\000e\000m\000\040\0004}{section.4}% 15
\BOOKMARK [2][-]{subsection.4.5}{\376\377\000P\000r\000o\000b\000l\000e\000m\000\040\0005}{section.4}% 16
\BOOKMARK [2][-]{subsection.4.6}{\376\377\000P\000r\000o\000b\000l\000e\000m\000\040\0006}{section.4}% 17
\BOOKMARK [2][-]{subsection.4.7}{\376\377\000P\000r\000o\000b\000l\000e\000m\000\040\0007}{section.4}% 18
\BOOKMARK [1][-]{section.5}{\376\377\000C\000o\000n\000c\000l\000u\000s\000i\000o\000n\000s}{}% 19
\BOOKMARK [1][-]{section.6}{\376\377\000A\000p\000p\000e\000n\000d\000i\000x}{}% 20
\BOOKMARK [2][-]{subsection.6.1}{\376\377\000M\000a\000i\000n\000\040\000M\000A\000T\000L\000A\000B\000\040\000P\000l\000o\000t\000t\000i\000n\000g}{section.6}% 21
\BOOKMARK [2][-]{subsection.6.2}{\376\377\000P\000i\000e\000c\000e\000w\000i\000s\000e\000\040\000F\000u\000n\000c\000t\000i\000o\000n}{section.6}% 22
\BOOKMARK [2][-]{subsection.6.3}{\376\377\000g\000e\000t\000M\000o\000m\000e\000n\000t\000\040\000F\000u\000n\000c\000t\000i\000o\000n}{section.6}% 23
\BOOKMARK [2][-]{subsection.6.4}{\376\377\000g\000e\000t\000R\000a\000d\000i\000u\000s\000\040\000F\000u\000n\000c\000t\000i\000o\000n}{section.6}% 24
\BOOKMARK [2][-]{subsection.6.5}{\376\377\000g\000e\000t\000M\000a\000x\000\040\000F\000u\000n\000c\000t\000i\000o\000n}{section.6}% 25
\BOOKMARK [1][-]{section*.20}{\376\377\000R\000e\000f\000e\000r\000e\000n\000c\000e\000s}{}% 26
